<?xml version="1.0" encoding="UTF-8"?>
<!-- Generated by org.testng.reporters.JUnitReportReporter -->
<testsuite hostname="DESKTOP-K4O38B7" failures="0" tests="2" name="com.mystore.qa.testcases.Index" time="27.710" errors="0" timestamp="2024-02-21T01:25:25 GTS" skipped="0">
  <testcase classname="com.mystore.qa.testcases.Index" name="verifyTitle" time="13.530"/>
  <testcase classname="com.mystore.qa.testcases.Index" name="verifyLogo" time="14.180"/>
</testsuite> <!-- com.mystore.qa.testcases.Index -->
