<?xml version="1.0" encoding="UTF-8"?>
<!-- Generated by org.testng.reporters.JUnitReportReporter -->
<testsuite hostname="DESKTOP-K4O38B7" failures="0" tests="2" name="com.mystore.qa.testcases.IndexTest" time="27.095" errors="0" timestamp="2024-02-21T01:07:09 GTS" skipped="0">
  <testcase classname="com.mystore.qa.testcases.IndexTest" name="verifyTitle" time="13.271"/>
  <testcase classname="com.mystore.qa.testcases.IndexTest" name="verifyLogo" time="13.824"/>
</testsuite> <!-- com.mystore.qa.testcases.IndexTest -->
