<?xml version="1.0" encoding="UTF-8"?>
<!-- Generated by org.testng.reporters.JUnitReportReporter -->
<testsuite hostname="DESKTOP-K4O38B7" failures="0" tests="1" name="com.mystore.qa.testcases.AccountCreation" time="42.484" errors="0" timestamp="2024-02-21T01:25:25 GTS" skipped="0">
  <testcase classname="com.mystore.qa.testcases.AccountCreation" name="AccountRegisteration" time="42.484"/>
</testsuite> <!-- com.mystore.qa.testcases.AccountCreation -->
