<?xml version="1.0" encoding="UTF-8"?>
<!-- Generated by org.testng.reporters.JUnitReportReporter -->
<testsuite hostname="DESKTOP-K4O38B7" failures="0" tests="1" name="com.mystore.qa.testcases.Home" time="13.483" errors="0" timestamp="2024-02-21T01:25:25 GTS" skipped="0">
  <testcase classname="com.mystore.qa.testcases.Home" name="loadHome" time="13.483"/>
</testsuite> <!-- com.mystore.qa.testcases.Home -->
